<?xml version="1.0" encoding="UTF-8"?>
<!-- Generated by org.testng.reporters.JUnitReportReporter -->
<testsuite hostname="DIGITAL-0059" failures="0" tests="2" name="Main.test_brokenimages" time="5.612" errors="0" timestamp="2022-07-11T16:25:02 IST" skipped="0">
  <testcase classname="Main.test_brokenimages" name="test_selenium_broken_images_appr_2" time="0.719"/>
  <system-out/>
  <testcase classname="Main.test_brokenimages" name="test_selenium_broken_images_appr_1" time="4.893"/>
  <system-out/>
</testsuite> <!-- Main.test_brokenimages -->
