<?xml version="1.0" encoding="UTF-8"?>
<!-- Generated by org.testng.reporters.JUnitReportReporter -->
<testsuite hostname="DIGITAL-0059" failures="0" tests="1" name="Main.Bro_img" time="43.223" errors="0" timestamp="2022-11-15T15:14:34 IST" skipped="0">
  <testcase classname="Main.Bro_img" name="openbrowser" time="43.223"/>
  <system-out/>
</testsuite> <!-- Main.Bro_img -->
