<?xml version="1.0" encoding="UTF-8"?>
<!-- Generated by org.testng.reporters.JUnitReportReporter -->
<testsuite hostname="DIGITAL-0059" failures="0" tests="1" name="Main.concadinate" time="0.260" errors="0" timestamp="2022-10-27T20:43:40 IST" skipped="0">
  <testcase classname="Main.concadinate" name="takelink" time="0.260"/>
  <system-out/>
</testsuite> <!-- Main.concadinate -->
