<?xml version="1.0" encoding="UTF-8"?>
<!-- Generated by org.testng.reporters.JUnitReportReporter -->
<testsuite hostname="DIGITAL-0059" failures="0" tests="1" name="com.jenGit.JenGits.AppTest" time="12.107" errors="0" timestamp="2023-06-22T16:20:10 IST" skipped="0">
  <testcase classname="com.jenGit.JenGits.AppTest" name="shouldAnswerWithTrue" time="12.107"/>
  <system-out/>
</testsuite> <!-- com.jenGit.JenGits.AppTest -->
