<?xml version="1.0" encoding="UTF-8"?>
<!-- Generated by org.testng.reporters.JUnitReportReporter -->
<testsuite hostname="DIGITAL-0059" failures="0" tests="1" name="Main.font" time="9.910" errors="0" timestamp="2022-10-27T17:42:33 IST" skipped="0">
  <testcase classname="Main.font" name="fontweight" time="9.910"/>
  <system-out/>
</testsuite> <!-- Main.font -->
